# JRE version: OpenJDK Runtime Environment (8.0_181-b02) (build 1.8.0_181-b02)
# Java VM: OpenJDK 64-Bit Server VM (25.181-b02 mixed mode bsd-amd64 compressed oops)
Heap:
 PSYoungGen      total 242176K, used 99227K [0x00000007b0000000, 0x00000007c0000000, 0x00000007c0000000)
  eden space 224256K, 38% used [0x00000007b0000000,0x00000007b53b34b0,0x00000007bdb00000)
  from space 17920K, 75% used [0x00000007bee80000,0x00000007bfbb3ab8,0x00000007c0000000)
  to   space 18944K, 0% used [0x00000007bdb00000,0x00000007bdb00000,0x00000007bed80000)
 ParOldGen       total 524288K, used 107934K [0x0000000790000000, 0x00000007b0000000, 0x00000007b0000000)
  object space 524288K, 20% used [0x0000000790000000,0x0000000796967a48,0x00000007b0000000)
 Metaspace       used 82009K, capacity 89426K, committed 89600K, reserved 1126400K
  class space    used 10362K, capacity 12674K, committed 12800K, reserved 1048576K
GC Heap History (10 events):
Event: 5363,938 GC heap before
{Heap before GC invocations=69 (full 3):
 PSYoungGen      total 241152K, used 228132K [0x00000007b0000000, 0x00000007c0000000, 0x00000007c0000000)
  eden space 220672K, 100% used [0x00000007b0000000,0x00000007bd780000,0x00000007bd780000)
  from space 20480K, 36% used [0x00000007bd780000,0x00000007bdec93e0,0x00000007beb80000)
  to   space 19456K, 0% used [0x00000007bed00000,0x00000007bed00000,0x00000007c0000000)
 ParOldGen       total 524288K, used 107190K [0x0000000790000000, 0x00000007b0000000, 0x00000007b0000000)
  object space 524288K, 20% used [0x0000000790000000,0x00000007968ada48,0x00000007b0000000)
 Metaspace       used 79584K, capacity 86490K, committed 86528K, reserved 1124352K
  class space    used 10106K, capacity 12263K, committed 12288K, reserved 1048576K
Event: 5364,013 GC heap after
Heap after GC invocations=69 (full 3):
 PSYoungGen      total 243712K, used 7638K [0x00000007b0000000, 0x00000007c0000000, 0x00000007c0000000)
  eden space 224256K, 0% used [0x00000007b0000000,0x00000007b0000000,0x00000007bdb00000)
  from space 19456K, 39% used [0x00000007bed00000,0x00000007bf475b68,0x00000007c0000000)
  to   space 18432K, 0% used [0x00000007bdb00000,0x00000007bdb00000,0x00000007bed00000)
 ParOldGen       total 524288K, used 107238K [0x0000000790000000, 0x00000007b0000000, 0x00000007b0000000)
  object space 524288K, 20% used [0x0000000790000000,0x00000007968b9a48,0x00000007b0000000)
 Metaspace       used 79584K, capacity 86490K, committed 86528K, reserved 1124352K
  class space    used 10106K, capacity 12263K, committed 12288K, reserved 1048576K
}
Event: 5472,327 GC heap before
{Heap before GC invocations=70 (full 3):
 PSYoungGen      total 243712K, used 231764K [0x00000007b0000000, 0x00000007c0000000, 0x00000007c0000000)
  eden space 224256K, 99% used [0x00000007b0000000,0x00000007bdadf7b8,0x00000007bdb00000)
  from space 19456K, 39% used [0x00000007bed00000,0x00000007bf475b68,0x00000007c0000000)
  to   space 18432K, 0% used [0x00000007bdb00000,0x00000007bdb00000,0x00000007bed00000)
 ParOldGen       total 524288K, used 107238K [0x0000000790000000, 0x00000007b0000000, 0x00000007b0000000)
  object space 524288K, 20% used [0x0000000790000000,0x00000007968b9a48,0x00000007b0000000)
 Metaspace       used 79793K, capacity 86890K, committed 87168K, reserved 1124352K
  class space    used 10155K, capacity 12359K, committed 12416K, reserved 1048576K
Event: 5472,367 GC heap after
Heap after GC invocations=70 (full 3):
 PSYoungGen      total 242688K, used 8340K [0x00000007b0000000, 0x00000007c0000000, 0x00000007c0000000)
  eden space 224256K, 0% used [0x00000007b0000000,0x00000007b0000000,0x00000007bdb00000)
  from space 18432K, 45% used [0x00000007bdb00000,0x00000007be3252c0,0x00000007bed00000)
  to   space 17408K, 0% used [0x00000007bef00000,0x00000007bef00000,0x00000007c0000000)
 ParOldGen       total 524288K, used 107422K [0x0000000790000000, 0x00000007b0000000, 0x00000007b0000000)
  object space 524288K, 20% used [0x0000000790000000,0x00000007968e7a48,0x00000007b0000000)
 Metaspace       used 79793K, capacity 86890K, committed 87168K, reserved 1124352K
  class space    used 10155K, capacity 12359K, committed 12416K, reserved 1048576K
}
Event: 5620,219 GC heap before
{Heap before GC invocations=71 (full 3):
 PSYoungGen      total 242688K, used 232492K [0x00000007b0000000, 0x00000007c0000000, 0x00000007c0000000)
  eden space 224256K, 99% used [0x00000007b0000000,0x00000007bdae5e90,0x00000007bdb00000)
  from space 18432K, 45% used [0x00000007bdb00000,0x00000007be3252c0,0x00000007bed00000)
  to   space 17408K, 0% used [0x00000007bef00000,0x00000007bef00000,0x00000007c0000000)
 ParOldGen       total 524288K, used 107422K [0x0000000790000000, 0x00000007b0000000, 0x00000007b0000000)
  object space 524288K, 20% used [0x0000000790000000,0x00000007968e7a48,0x00000007b0000000)
 Metaspace       used 79800K, capacity 86914K, committed 87168K, reserved 1124352K
  class space    used 10157K, capacity 12363K, committed 12416K, reserved 1048576K
Event: 5620,282 GC heap after
Heap after GC invocations=71 (full 3):
 PSYoungGen      total 245248K, used 7473K [0x00000007b0000000, 0x00000007c0000000, 0x00000007c0000000)
  eden space 227840K, 0% used [0x00000007b0000000,0x00000007b0000000,0x00000007bde80000)
  from space 17408K, 42% used [0x00000007bef00000,0x00000007bf64c498,0x00000007c0000000)
  to   space 16896K, 0% used [0x00000007bde80000,0x00000007bde80000,0x00000007bef00000)
 ParOldGen       total 524288K, used 107750K [0x0000000790000000, 0x00000007b0000000, 0x00000007b0000000)
  object space 524288K, 20% used [0x0000000790000000,0x0000000796939a48,0x00000007b0000000)
 Metaspace       used 79800K, capacity 86914K, committed 87168K, reserved 1124352K
  class space    used 10157K, capacity 12363K, committed 12416K, reserved 1048576K
}
Event: 5926,931 GC heap before
{Heap before GC invocations=72 (full 3):
 PSYoungGen      total 245248K, used 235313K [0x00000007b0000000, 0x00000007c0000000, 0x00000007c0000000)
  eden space 227840K, 100% used [0x00000007b0000000,0x00000007bde80000,0x00000007bde80000)
  from space 17408K, 42% used [0x00000007bef00000,0x00000007bf64c498,0x00000007c0000000)
  to   space 16896K, 0% used [0x00000007bde80000,0x00000007bde80000,0x00000007bef00000)
 ParOldGen       total 524288K, used 107750K [0x0000000790000000, 0x00000007b0000000, 0x00000007b0000000)
  object space 524288K, 20% used [0x0000000790000000,0x0000000796939a48,0x00000007b0000000)
 Metaspace       used 81336K, capacity 88636K, committed 88832K, reserved 1126400K
  class space    used 10274K, capacity 12504K, committed 12544K, reserved 1048576K
Event: 5927,022 GC heap after
Heap after GC invocations=72 (full 3):
 PSYoungGen      total 242176K, used 14099K [0x00000007b0000000, 0x00000007c0000000, 0x00000007c0000000)
  eden space 227840K, 0% used [0x00000007b0000000,0x00000007b0000000,0x00000007bde80000)
  from space 14336K, 98% used [0x00000007bde80000,0x00000007bec44c70,0x00000007bec80000)
  to   space 17920K, 0% used [0x00000007bee80000,0x00000007bee80000,0x00000007c0000000)
 ParOldGen       total 524288K, used 107838K [0x0000000790000000, 0x00000007b0000000, 0x00000007b0000000)
  object space 524288K, 20% used [0x0000000790000000,0x000000079694fa48,0x00000007b0000000)
 Metaspace       used 81336K, capacity 88636K, committed 88832K, reserved 1126400K
  class space    used 10274K, capacity 12504K, committed 12544K, reserved 1048576K
}
Event: 6008,397 GC heap before
{Heap before GC invocations=73 (full 3):
 PSYoungGen      total 242176K, used 241939K [0x00000007b0000000, 0x00000007c0000000, 0x00000007c0000000)
  eden space 227840K, 100% used [0x00000007b0000000,0x00000007bde80000,0x00000007bde80000)
  from space 14336K, 98% used [0x00000007bde80000,0x00000007bec44c70,0x00000007bec80000)
  to   space 17920K, 0% used [0x00000007bee80000,0x00000007bee80000,0x00000007c0000000)
 ParOldGen       total 524288K, used 107838K [0x0000000790000000, 0x00000007b0000000, 0x00000007b0000000)
  object space 524288K, 20% used [0x0000000790000000,0x000000079694fa48,0x00000007b0000000)
 Metaspace       used 81668K, capacity 88980K, committed 89216K, reserved 1126400K
  class space    used 10324K, capacity 12594K, committed 12672K, reserved 1048576K
Event: 6008,454 GC heap after
Heap after GC invocations=73 (full 3):
 PSYoungGen      total 242176K, used 13518K [0x00000007b0000000, 0x00000007c0000000, 0x00000007c0000000)
  eden space 224256K, 0% used [0x00000007b0000000,0x00000007b0000000,0x00000007bdb00000)
  from space 17920K, 75% used [0x00000007bee80000,0x00000007bfbb3ab8,0x00000007c0000000)
  to   space 18944K, 0% used [0x00000007bdb00000,0x00000007bdb00000,0x00000007bed80000)
 ParOldGen       total 524288K, used 107934K [0x0000000790000000, 0x00000007b0000000, 0x00000007b0000000)
  object space 524288K, 20% used [0x0000000790000000,0x0000000796967a48,0x00000007b0000000)
 Metaspace       used 81668K, capacity 88980K, committed 89216K, reserved 1126400K
  class space    used 10324K, capacity 12594K, committed 12672K, reserved 1048576K
}

